\BOOKMARK [1][-]{section.1}{\376\377\000M\000o\000t\000i\000v\000a\000t\000i\000o\000n\000\040\000a\000n\000d\000\040\000G\000o\000a\000l\000s\000\040\000f\000o\000r\000\040\000t\000h\000e\000\040\000P\000r\000o\000j\000e\000c\000t}{}% 1
\BOOKMARK [1][-]{section.2}{\376\377\000B\000a\000c\000k\000g\000r\000o\000u\000n\000d\000\040\000a\000n\000d\000\040\000R\000e\000l\000a\000t\000e\000d\000\040\000W\000o\000r\000k}{}% 2
\BOOKMARK [2][-]{subsection.2.1}{\376\377\000K\000l\000a\000u\000s\000\040\000T\000e\000u\000b\000e\000r\000\040\000a\000n\000d\000\040\000D\000i\000e\000\040\000S\000i\000e\000d\000l\000e\000r\000\040\000v\000o\000n\000\040\000C\000a\000t\000a\000n}{section.2}% 3
\BOOKMARK [2][-]{subsection.2.2}{\376\377\000I\000m\000p\000a\000c\000t\000\040\000o\000f\000\040\000C\000a\000t\000a\000n}{section.2}% 4
\BOOKMARK [2][-]{subsection.2.3}{\376\377\000O\000t\000h\000e\000r\000\040\000S\000o\000f\000t\000w\000a\000r\000e\000\040\000I\000m\000p\000l\000e\000m\000e\000n\000t\000a\000t\000i\000o\000n\000s\000\040\000o\000f\000\040\000C\000a\000t\000a\000n}{section.2}% 5
\BOOKMARK [1][-]{section.3}{\376\377\000C\000a\000t\000a\000n\000\040\000R\000u\000l\000e\000s\000\040\000c\000a\000t\000a\000n\000w\000e\000b\000r\000u\000l\000e\000s}{}% 6
\BOOKMARK [2][-]{subsection.3.1}{\376\377\000G\000a\000m\000e\000\040\000C\000o\000m\000p\000o\000n\000e\000n\000t\000s}{section.3}% 7
\BOOKMARK [2][-]{subsection.3.2}{\376\377\000G\000a\000m\000e\000\040\000S\000e\000t\000u\000p}{section.3}% 8
\BOOKMARK [2][-]{subsection.3.3}{\376\377\000V\000i\000c\000t\000o\000r\000y\000\040\000C\000o\000n\000d\000i\000t\000i\000o\000n\000s}{section.3}% 9
\BOOKMARK [2][-]{subsection.3.4}{\376\377\000T\000y\000p\000i\000c\000a\000l\000\040\000T\000u\000r\000n\000\040\000W\000o\000r\000k\000f\000l\000o\000w}{section.3}% 10
\BOOKMARK [3][-]{subsubsection.3.4.1}{\376\377\000R\000o\000l\000l\000i\000n\000g\000\040\000t\000h\000e\000\040\000D\000i\000c\000e}{subsection.3.4}% 11
\BOOKMARK [3][-]{subsubsection.3.4.2}{\376\377\000E\000n\000g\000a\000g\000i\000n\000g\000\040\000i\000n\000\040\000T\000r\000a\000d\000e}{subsection.3.4}% 12
\BOOKMARK [3][-]{subsubsection.3.4.3}{\376\377\000B\000u\000i\000l\000d\000i\000n\000g\000\040\000R\000o\000a\000d\000s\000,\000\040\000S\000e\000t\000t\000l\000e\000m\000e\000n\000t\000s\000,\000\040\000C\000i\000t\000i\000e\000s\000,\000\040\000a\000n\000d\000\040\000D\000e\000v\000e\000l\000o\000p\000m\000e\000n\000t\000\040\000C\000a\000r\000d\000s}{subsection.3.4}% 13
\BOOKMARK [1][-]{section.4}{\376\377\000I\000m\000p\000l\000e\000m\000e\000n\000t\000a\000t\000i\000o\000n\000\040\000D\000e\000t\000a\000i\000l\000s\000\040\000s\000e\000l\000f\0002\0000\0001\0004}{}% 14
\BOOKMARK [2][-]{subsection.4.1}{\376\377\000I\000n\000s\000e\000r\000t\000i\000o\000n\000\040\000P\000o\000i\000n\000t}{section.4}% 15
\BOOKMARK [2][-]{subsection.4.2}{\376\377\000T\000h\000e\000\040\000R\000u\000l\000e\000s\000\040\000C\000l\000a\000s\000s}{section.4}% 16
\BOOKMARK [2][-]{subsection.4.3}{\376\377\000D\000y\000n\000a\000m\000i\000c\000\040\000B\000o\000a\000r\000d\000\040\000G\000e\000n\000e\000r\000a\000t\000i\000o\000n}{section.4}% 17
\BOOKMARK [3][-]{subsubsection.4.3.1}{\376\377\000N\000u\000m\000b\000e\000r\000i\000n\000g\000\040\000C\000o\000n\000v\000e\000n\000t\000i\000o\000n\000s}{subsection.4.3}% 18
\BOOKMARK [3][-]{subsubsection.4.3.2}{\376\377\000R\000i\000n\000g\000s\000\040\000o\000f\000\040\000C\000a\000t\000a\000n}{subsection.4.3}% 19
\BOOKMARK [3][-]{subsubsection.4.3.3}{\376\377\000H\000e\000x\000\040\000G\000r\000a\000p\000h}{subsection.4.3}% 20
\BOOKMARK [3][-]{subsubsection.4.3.4}{\376\377\000I\000n\000t\000e\000r\000s\000e\000c\000t\000i\000o\000n\000\040\000G\000r\000a\000p\000h}{subsection.4.3}% 21
\BOOKMARK [3][-]{subsubsection.4.3.5}{\376\377\000H\000e\000x\000\040\000t\000o\000\040\000I\000n\000t\000e\000r\000s\000e\000c\000t\000i\000o\000n\000\040\000M\000a\000p\000p\000i\000n\000g\000s}{subsection.4.3}% 22
\BOOKMARK [3][-]{subsubsection.4.3.6}{\376\377\000R\000e\000s\000o\000u\000r\000c\000e\000s}{subsection.4.3}% 23
\BOOKMARK [3][-]{subsubsection.4.3.7}{\376\377\000D\000i\000c\000e\000\040\000R\000o\000l\000l\000\040\000C\000h\000i\000t\000s}{subsection.4.3}% 24
\BOOKMARK [3][-]{subsubsection.4.3.8}{\376\377\000P\000o\000r\000t\000s}{subsection.4.3}% 25
\BOOKMARK [3][-]{subsubsection.4.3.9}{\376\377\000T\000h\000e\000\040\000B\000o\000a\000r\000d\000\040\000D\000a\000t\000a\000\040\000T\000y\000p\000e}{subsection.4.3}% 26
\BOOKMARK [3][-]{subsubsection.4.3.10}{\376\377\000H\000e\000x\000e\000s}{subsection.4.3}% 27
\BOOKMARK [3][-]{subsubsection.4.3.11}{\376\377\000I\000n\000t\000e\000r\000s\000e\000c\000t\000i\000o\000n\000s}{subsection.4.3}% 28
\BOOKMARK [3][-]{subsubsection.4.3.12}{\376\377\000R\000o\000a\000d\000s}{subsection.4.3}% 29
\BOOKMARK [2][-]{subsection.4.4}{\376\377\000R\000e\000n\000d\000e\000r\000i\000n\000g\000\040\000t\000h\000e\000\040\000B\000o\000a\000r\000d\000\040\000w\000i\000t\000h\000\040\000S\000t\000d\000D\000r\000a\000w\000\040\000p\000r\000i\000n\000c\000e\000t\000o\000n\000c\000s}{section.4}% 30
\BOOKMARK [3][-]{subsubsection.4.4.1}{\376\377\000T\000h\000e\000\040\000H\000e\000x\000S\000h\000a\000p\000e\000\040\000D\000a\000t\000a\000\040\000T\000y\000p\000e}{subsection.4.4}% 31
\BOOKMARK [3][-]{subsubsection.4.4.2}{\376\377\000B\000o\000a\000r\000d\000D\000r\000a\000w\000\040\000P\000r\000e\000l\000i\000m\000i\000n\000a\000r\000i\000e\000s}{subsection.4.4}% 32
\BOOKMARK [3][-]{subsubsection.4.4.3}{\376\377\000T\000h\000e\000\040\000g\000e\000t\000N\000e\000x\000t\000X\000\040\000a\000n\000d\000\040\000g\000e\000t\000N\000e\000x\000t\000Y\000\040\000M\000e\000t\000h\000o\000d\000s}{subsection.4.4}% 33
\BOOKMARK [3][-]{subsubsection.4.4.4}{\376\377\000H\000e\000x\000\040\000C\000o\000o\000r\000d\000i\000n\000a\000t\000e\000s}{subsection.4.4}% 34
\BOOKMARK [3][-]{subsubsection.4.4.5}{\376\377\000I\000n\000t\000e\000r\000s\000e\000c\000t\000i\000o\000n\000\040\000C\000o\000o\000r\000d\000i\000n\000a\000t\000e\000s}{subsection.4.4}% 35
\BOOKMARK [3][-]{subsubsection.4.4.6}{\376\377\000P\000o\000r\000t\000\040\000C\000o\000o\000r\000d\000i\000n\000a\000t\000e\000s}{subsection.4.4}% 36
\BOOKMARK [3][-]{subsubsection.4.4.7}{\376\377\000D\000r\000a\000w\000i\000n\000g\000\040\000H\000e\000x\000e\000s}{subsection.4.4}% 37
\BOOKMARK [3][-]{subsubsection.4.4.8}{\376\377\000D\000r\000a\000w\000i\000n\000g\000\040\000I\000n\000t\000e\000r\000s\000e\000c\000t\000i\000o\000n\000s}{subsection.4.4}% 38
\BOOKMARK [3][-]{subsubsection.4.4.9}{\376\377\000D\000r\000a\000w\000i\000n\000g\000\040\000P\000o\000r\000t\000s}{subsection.4.4}% 39
\BOOKMARK [3][-]{subsubsection.4.4.10}{\376\377\000D\000r\000a\000w\000i\000n\000g\000\040\000R\000o\000a\000d\000s}{subsection.4.4}% 40
\BOOKMARK [2][-]{subsection.4.5}{\376\377\000R\000e\000s\000o\000u\000r\000c\000e\000\040\000a\000n\000d\000\040\000D\000e\000v\000e\000l\000o\000p\000m\000e\000n\000t\000\040\000C\000a\000r\000d\000s}{section.4}% 41
\BOOKMARK [3][-]{subsubsection.4.5.1}{\376\377\000T\000h\000e\000\040\000R\000e\000s\000o\000u\000r\000c\000e\000\040\000a\000n\000d\000\040\000R\000e\000s\000o\000u\000r\000c\000e\000B\000u\000n\000d\000l\000e\000\040\000D\000a\000t\000a\000\040\000T\000y\000p\000e\000s}{subsection.4.5}% 42
\BOOKMARK [3][-]{subsubsection.4.5.2}{\376\377\000T\000h\000e\000\040\000D\000e\000v\000C\000a\000r\000d\000\040\000a\000n\000d\000\040\000D\000e\000v\000C\000a\000r\000d\000B\000u\000n\000d\000l\000e\000\040\000D\000a\000t\000a\000\040\000T\000y\000p\000e\000s}{subsection.4.5}% 43
\BOOKMARK [2][-]{subsection.4.6}{\376\377\000T\000h\000e\000\040\000P\000l\000a\000y\000e\000r\000\040\000D\000a\000t\000a\000\040\000T\000y\000p\000e}{section.4}% 44
\BOOKMARK [3][-]{subsubsection.4.6.1}{\376\377\000R\000e\000l\000e\000v\000a\000n\000t\000\040\000P\000l\000a\000y\000e\000r\000\040\000I\000n\000f\000o\000r\000m\000a\000t\000i\000o\000n}{subsection.4.6}% 45
\BOOKMARK [3][-]{subsubsection.4.6.2}{\376\377\000E\000n\000f\000o\000r\000c\000i\000n\000g\000\040\000B\000u\000i\000l\000d\000i\000n\000g\000\040\000R\000u\000l\000e\000s}{subsection.4.6}% 46
\BOOKMARK [3][-]{subsubsection.4.6.3}{\376\377\000P\000l\000a\000y\000e\000r\000\040\000C\000a\000r\000d\000\040\000O\000p\000e\000r\000a\000t\000i\000o\000n\000s}{subsection.4.6}% 47
\BOOKMARK [2][-]{subsection.4.7}{\376\377\000T\000h\000e\000\040\000U\000s\000e\000r\000I\000n\000p\000u\000t\000\040\000C\000l\000a\000s\000s}{section.4}% 48
\BOOKMARK [2][-]{subsection.4.8}{\376\377\000P\000u\000t\000t\000i\000n\000g\000\040\000I\000t\000\040\000A\000l\000l\000\040\000T\000o\000g\000e\000t\000h\000e\000r\000:\000\040\000G\000a\000m\000e\000\040\000M\000e\000c\000h\000a\000n\000i\000c\000s}{section.4}% 49
\BOOKMARK [1][-]{section.5}{\376\377\000C\000h\000a\000l\000l\000e\000n\000g\000e\000s\000\040\000E\000n\000c\000o\000u\000n\000t\000e\000r\000e\000d}{}% 50
\BOOKMARK [1][-]{section.6}{\376\377\000F\000u\000t\000u\000r\000e\000\040\000F\000e\000a\000t\000u\000r\000e\000s}{}% 51
\BOOKMARK [1][-]{section.7}{\376\377\000C\000o\000n\000c\000l\000u\000s\000i\000o\000n}{}% 52
